# JRE version: OpenJDK Runtime Environment (8.0_242-b01) (build 1.8.0_242-release-1644-b01)
# Java VM: OpenJDK 64-Bit Server VM (25.242-b01 mixed mode windows-amd64 compressed oops)
Heap:
 PSYoungGen      total 222720K, used 30127K [0x00000000d5580000, 0x00000000e4080000, 0x0000000100000000)
  eden space 204800K, 11% used [0x00000000d5580000,0x00000000d6d31000,0x00000000e1d80000)
  from space 17920K, 32% used [0x00000000e2f00000,0x00000000e34baec8,0x00000000e4080000)
  to   space 17920K, 0% used [0x00000000e1d80000,0x00000000e1d80000,0x00000000e2f00000)
 ParOldGen       total 79872K, used 58427K [0x0000000080000000, 0x0000000084e00000, 0x00000000d5580000)
  object space 79872K, 73% used [0x0000000080000000,0x000000008390ee28,0x0000000084e00000)
 Metaspace       used 75671K, capacity 78663K, committed 79024K, reserved 1118208K
  class space    used 10149K, capacity 10799K, committed 10928K, reserved 1048576K
GC Heap History (10 events):
Event: 57.407 GC heap before
{Heap before GC invocations=16 (full 3):
 PSYoungGen      total 222720K, used 204800K [0x00000000d5580000, 0x00000000e4080000, 0x0000000100000000)
  eden space 204800K, 100% used [0x00000000d5580000,0x00000000e1d80000,0x00000000e1d80000)
  from space 17920K, 0% used [0x00000000e2f00000,0x00000000e2f00000,0x00000000e4080000)
  to   space 17920K, 0% used [0x00000000e1d80000,0x00000000e1d80000,0x00000000e2f00000)
 ParOldGen       total 79872K, used 36436K [0x0000000080000000, 0x0000000084e00000, 0x00000000d5580000)
  object space 79872K, 45% used [0x0000000080000000,0x00000000823952d0,0x0000000084e00000)
 Metaspace       used 68792K, capacity 71389K, committed 71600K, reserved 1112064K
  class space    used 9346K, capacity 9878K, committed 9904K, reserved 1048576K
Event: 59.463 GC heap after
Heap after GC invocations=16 (full 3):
 PSYoungGen      total 222720K, used 17904K [0x00000000d5580000, 0x00000000e4080000, 0x0000000100000000)
  eden space 204800K, 0% used [0x00000000d5580000,0x00000000d5580000,0x00000000e1d80000)
  from space 17920K, 99% used [0x00000000e1d80000,0x00000000e2efc390,0x00000000e2f00000)
  to   space 17920K, 0% used [0x00000000e2f00000,0x00000000e2f00000,0x00000000e4080000)
 ParOldGen       total 79872K, used 37104K [0x0000000080000000, 0x0000000084e00000, 0x00000000d5580000)
  object space 79872K, 46% used [0x0000000080000000,0x000000008243c388,0x0000000084e00000)
 Metaspace       used 68792K, capacity 71389K, committed 71600K, reserved 1112064K
  class space    used 9346K, capacity 9878K, committed 9904K, reserved 1048576K
}
Event: 92.401 GC heap before
{Heap before GC invocations=17 (full 3):
 PSYoungGen      total 222720K, used 222704K [0x00000000d5580000, 0x00000000e4080000, 0x0000000100000000)
  eden space 204800K, 100% used [0x00000000d5580000,0x00000000e1d80000,0x00000000e1d80000)
  from space 17920K, 99% used [0x00000000e1d80000,0x00000000e2efc390,0x00000000e2f00000)
  to   space 17920K, 0% used [0x00000000e2f00000,0x00000000e2f00000,0x00000000e4080000)
 ParOldGen       total 79872K, used 37104K [0x0000000080000000, 0x0000000084e00000, 0x00000000d5580000)
  object space 79872K, 46% used [0x0000000080000000,0x000000008243c388,0x0000000084e00000)
 Metaspace       used 75300K, capacity 78375K, committed 78640K, reserved 1118208K
  class space    used 10114K, capacity 10763K, committed 10800K, reserved 1048576K
Event: 92.433 GC heap after
Heap after GC invocations=17 (full 3):
 PSYoungGen      total 222720K, used 17916K [0x00000000d5580000, 0x00000000e4080000, 0x0000000100000000)
  eden space 204800K, 0% used [0x00000000d5580000,0x00000000d5580000,0x00000000e1d80000)
  from space 17920K, 99% used [0x00000000e2f00000,0x00000000e407f0b8,0x00000000e4080000)
  to   space 17920K, 0% used [0x00000000e1d80000,0x00000000e1d80000,0x00000000e2f00000)
 ParOldGen       total 79872K, used 50790K [0x0000000080000000, 0x0000000084e00000, 0x00000000d5580000)
  object space 79872K, 63% used [0x0000000080000000,0x00000000831998a8,0x0000000084e00000)
 Metaspace       used 75300K, capacity 78375K, committed 78640K, reserved 1118208K
  class space    used 10114K, capacity 10763K, committed 10800K, reserved 1048576K
}
Event: 93.016 GC heap before
{Heap before GC invocations=18 (full 3):
 PSYoungGen      total 222720K, used 222716K [0x00000000d5580000, 0x00000000e4080000, 0x0000000100000000)
  eden space 204800K, 100% used [0x00000000d5580000,0x00000000e1d80000,0x00000000e1d80000)
  from space 17920K, 99% used [0x00000000e2f00000,0x00000000e407f0b8,0x00000000e4080000)
  to   space 17920K, 0% used [0x00000000e1d80000,0x00000000e1d80000,0x00000000e2f00000)
 ParOldGen       total 79872K, used 50790K [0x0000000080000000, 0x0000000084e00000, 0x00000000d5580000)
  object space 79872K, 63% used [0x0000000080000000,0x00000000831998a8,0x0000000084e00000)
 Metaspace       used 75379K, capacity 78439K, committed 78640K, reserved 1118208K
  class space    used 10114K, capacity 10763K, committed 10800K, reserved 1048576K
Event: 93.044 GC heap after
Heap after GC invocations=18 (full 3):
 PSYoungGen      total 222720K, used 2110K [0x00000000d5580000, 0x00000000e4080000, 0x0000000100000000)
  eden space 204800K, 0% used [0x00000000d5580000,0x00000000d5580000,0x00000000e1d80000)
  from space 17920K, 11% used [0x00000000e1d80000,0x00000000e1f8f970,0x00000000e2f00000)
  to   space 17920K, 0% used [0x00000000e2f00000,0x00000000e2f00000,0x00000000e4080000)
 ParOldGen       total 79872K, used 67747K [0x0000000080000000, 0x0000000084e00000, 0x00000000d5580000)
  object space 79872K, 84% used [0x0000000080000000,0x0000000084228c20,0x0000000084e00000)
 Metaspace       used 75379K, capacity 78439K, committed 78640K, reserved 1118208K
  class space    used 10114K, capacity 10763K, committed 10800K, reserved 1048576K
}
Event: 93.044 GC heap before
{Heap before GC invocations=19 (full 4):
 PSYoungGen      total 222720K, used 2110K [0x00000000d5580000, 0x00000000e4080000, 0x0000000100000000)
  eden space 204800K, 0% used [0x00000000d5580000,0x00000000d5580000,0x00000000e1d80000)
  from space 17920K, 11% used [0x00000000e1d80000,0x00000000e1f8f970,0x00000000e2f00000)
  to   space 17920K, 0% used [0x00000000e2f00000,0x00000000e2f00000,0x00000000e4080000)
 ParOldGen       total 79872K, used 67747K [0x0000000080000000, 0x0000000084e00000, 0x00000000d5580000)
  object space 79872K, 84% used [0x0000000080000000,0x0000000084228c20,0x0000000084e00000)
 Metaspace       used 75379K, capacity 78439K, committed 78640K, reserved 1118208K
  class space    used 10114K, capacity 10763K, committed 10800K, reserved 1048576K
Event: 93.372 GC heap after
Heap after GC invocations=19 (full 4):
 PSYoungGen      total 222720K, used 0K [0x00000000d5580000, 0x00000000e4080000, 0x0000000100000000)
  eden space 204800K, 0% used [0x00000000d5580000,0x00000000d5580000,0x00000000e1d80000)
  from space 17920K, 0% used [0x00000000e1d80000,0x00000000e1d80000,0x00000000e2f00000)
  to   space 17920K, 0% used [0x00000000e2f00000,0x00000000e2f00000,0x00000000e4080000)
 ParOldGen       total 79872K, used 58427K [0x0000000080000000, 0x0000000084e00000, 0x00000000d5580000)
  object space 79872K, 73% used [0x0000000080000000,0x000000008390ee28,0x0000000084e00000)
 Metaspace       used 75353K, capacity 78371K, committed 78640K, reserved 1118208K
  class space    used 10106K, capacity 10749K, committed 10800K, reserved 1048576K
}
Event: 93.950 GC heap before
{Heap before GC invocations=20 (full 4):
 PSYoungGen      total 222720K, used 204800K [0x00000000d5580000, 0x00000000e4080000, 0x0000000100000000)
  eden space 204800K, 100% used [0x00000000d5580000,0x00000000e1d80000,0x00000000e1d80000)
  from space 17920K, 0% used [0x00000000e1d80000,0x00000000e1d80000,0x00000000e2f00000)
  to   space 17920K, 0% used [0x00000000e2f00000,0x00000000e2f00000,0x00000000e4080000)
 ParOldGen       total 79872K, used 58427K [0x0000000080000000, 0x0000000084e00000, 0x00000000d5580000)
  object space 79872K, 73% used [0x0000000080000000,0x000000008390ee28,0x0000000084e00000)
 Metaspace       used 75353K, capacity 78371K, committed 78640K, reserved 1118208K
  class space    used 10106K, capacity 10749K, committed 10800K, reserved 1048576K
Event: 93.961 GC heap after
Heap after GC invocations=20 (full 4):
 PSYoungGen      total 222720K, used 5867K [0x00000000d5580000, 0x00000000e4080000, 0x0000000100000000)
  eden space 204800K, 0% used [0x00000000d5580000,0x00000000d5580000,0x00000000e1d80000)
  from space 17920K, 32% used [0x00000000e2f00000,0x00000000e34baec8,0x00000000e4080000)
  to   space 17920K, 0% used [0x00000000e1d80000,0x00000000e1d80000,0x00000000e2f00000)
 ParOldGen       total 79872K, used 58427K [0x0000000080000000, 0x0000000084e00000, 0x00000000d5580000)
  object space 79872K, 73% used [0x0000000080000000,0x000000008390ee28,0x0000000084e00000)
 Metaspace       used 75353K, capacity 78371K, committed 78640K, reserved 1118208K
  class space    used 10106K, capacity 10749K, committed 10800K, reserved 1048576K
}

